Determining if the pthread_create exist failed with the following output:
Change Dir: /home/assetrayev/catkin_ws/build/CMakeFiles/CMakeTmp

Run Build Command:"/usr/bin/make" "cmTC_817fd/fast"
/usr/bin/make -f CMakeFiles/cmTC_817fd.dir/build.make CMakeFiles/cmTC_817fd.dir/build
make[1]: Entering directory '/home/assetrayev/catkin_ws/build/CMakeFiles/CMakeTmp'
Building C object CMakeFiles/cmTC_817fd.dir/CheckSymbolExists.c.o
/usr/bin/cc     -o CMakeFiles/cmTC_817fd.dir/CheckSymbolExists.c.o   -c /home/assetrayev/catkin_ws/build/CMakeFiles/CMakeTmp/CheckSymbolExists.c
Linking C executable cmTC_817fd
/usr/bin/cmake -E cmake_link_script CMakeFiles/cmTC_817fd.dir/link.txt --verbose=1
/usr/bin/cc       CMakeFiles/cmTC_817fd.dir/CheckSymbolExists.c.o  -o cmTC_817fd -rdynamic 
CMakeFiles/cmTC_817fd.dir/CheckSymbolExists.c.o: In function `main':
CheckSymbolExists.c:(.text+0x16): undefined reference to `pthread_create'
collect2: error: ld returned 1 exit status
CMakeFiles/cmTC_817fd.dir/build.make:97: recipe for target 'cmTC_817fd' failed
make[1]: *** [cmTC_817fd] Error 1
make[1]: Leaving directory '/home/assetrayev/catkin_ws/build/CMakeFiles/CMakeTmp'
Makefile:126: recipe for target 'cmTC_817fd/fast' failed
make: *** [cmTC_817fd/fast] Error 2

File /home/assetrayev/catkin_ws/build/CMakeFiles/CMakeTmp/CheckSymbolExists.c:
/* */
#include <pthread.h>

int main(int argc, char** argv)
{
  (void)argv;
#ifndef pthread_create
  return ((int*)(&pthread_create))[argc];
#else
  (void)argc;
  return 0;
#endif
}

Determining if the function pthread_create exists in the pthreads failed with the following output:
Change Dir: /home/assetrayev/catkin_ws/build/CMakeFiles/CMakeTmp

Run Build Command:"/usr/bin/make" "cmTC_55716/fast"
/usr/bin/make -f CMakeFiles/cmTC_55716.dir/build.make CMakeFiles/cmTC_55716.dir/build
make[1]: Entering directory '/home/assetrayev/catkin_ws/build/CMakeFiles/CMakeTmp'
Building C object CMakeFiles/cmTC_55716.dir/CheckFunctionExists.c.o
/usr/bin/cc    -DCHECK_FUNCTION_EXISTS=pthread_create   -o CMakeFiles/cmTC_55716.dir/CheckFunctionExists.c.o   -c /usr/share/cmake-3.5/Modules/CheckFunctionExists.c
Linking C executable cmTC_55716
/usr/bin/cmake -E cmake_link_script CMakeFiles/cmTC_55716.dir/link.txt --verbose=1
/usr/bin/cc   -DCHECK_FUNCTION_EXISTS=pthread_create    CMakeFiles/cmTC_55716.dir/CheckFunctionExists.c.o  -o cmTC_55716 -rdynamic -lpthreads 
/usr/bin/ld: cannot find -lpthreads
collect2: error: ld returned 1 exit status
CMakeFiles/cmTC_55716.dir/build.make:97: recipe for target 'cmTC_55716' failed
make[1]: *** [cmTC_55716] Error 1
make[1]: Leaving directory '/home/assetrayev/catkin_ws/build/CMakeFiles/CMakeTmp'
Makefile:126: recipe for target 'cmTC_55716/fast' failed
make: *** [cmTC_55716/fast] Error 2


